<?xml version="1.0" encoding="UTF-8"?>
<!-- Generated by org.testng.reporters.JUnitReportReporter -->
<testsuite skipped="0" hostname="A09506" name="com.canalPlus.gestionAbonne.GestionAbonneApplicationTests" tests="2" failures="0" timestamp="2020-01-23T12:25:23 CET" time="0.267" errors="2">
  <testcase name="runScenario" time="0.266" classname="com.canalPlus.gestionAbonne.GestionAbonneApplicationTests">
    <error type="java.lang.NullPointerException">
      <![CDATA[java.lang.NullPointerException
at stepdefinition.AbonneStep.un_abonné_avec_une_adresse_principales_inactive_en_France(AbonneStep.java:25)
at ✽.un abonné avec une adresse principale "inactive" en "France"(file:src/test/ressources/features/adresse.feature:24)
]]>
    </error>
  </testcase> <!-- runScenario -->
  <system-out/>
  <testcase name="runScenario" time="0.001" classname="com.canalPlus.gestionAbonne.GestionAbonneApplicationTests">
    <error type="java.lang.NullPointerException">
      <![CDATA[java.lang.NullPointerException
at stepdefinition.AbonneStep.un_abonné_avec_une_adresse_principales_inactive_en_France(AbonneStep.java:25)
at ✽.un abonné avec une adresse principale "active" en "Pologne"(file:src/test/ressources/features/adresse.feature:24)
]]>
    </error>
  </testcase> <!-- runScenario -->
  <system-out/>
</testsuite> <!-- com.canalPlus.gestionAbonne.GestionAbonneApplicationTests -->
