<?xml version="1.0" encoding="UTF-8"?>
<!-- Generated by org.testng.reporters.JUnitReportReporter -->
<testsuite skipped="0" hostname="A09506" name="unit.ModifAdresseTest" tests="2" failures="0" timestamp="2020-01-23T18:13:36 CET" time="0.011" errors="0">
  <testcase name="ConseillerConnecteModfieAdresseAvecOuSansCondition" time="0.010" classname="unit.ModifAdresseTest"/>
  <system-out/>
  <testcase name="UnAbonneAvecAdressePrincileActiveEnFrance" time="0.001" classname="unit.ModifAdresseTest"/>
  <system-out/>
</testsuite> <!-- unit.ModifAdresseTest -->
